<?xml version="1.0" encoding="UTF-8"?>
<!-- Generated by org.testng.reporters.JUnitXMLReporter -->
<testsuite ignored="0" hostname="LTIN197300" failures="0" tests="3" name="ChromeTest" time="272.482" errors="0" timestamp="2024-03-22T16:05:04 IST">
  <testcase classname="TestCases.TC001_beCognizant" name="userVerification" time="57.66"/>
  <testcase classname="TestCases.TC001_beCognizant" name="oneCognizantFunctions" time="19.251"/>
  <testcase classname="TestCases.TC001_beCognizant" name="timeSheetNavigation" time="125.708"/>
</testsuite> <!-- ChromeTest -->
